<?xml version="1.0" encoding="UTF-8"?>
<!-- Generated by org.testng.reporters.JUnitReportReporter -->
<testsuite skipped="0" hostname="PAVILION" name="com.openbrowser.OpenrowserTest" tests="1" failures="0" timestamp="28 Nov 2018 14:12:27 GMT" time="26.214" errors="0">
  <testcase name="openBrowser" time="26.214" classname="com.openbrowser.OpenrowserTest"/>
</testsuite> <!-- com.openbrowser.OpenrowserTest -->
