<?xml version="1.0" encoding="UTF-8"?>
<!-- Generated by org.testng.reporters.JUnitReportReporter -->
<testsuite hostname="PAVILION" name="com.openbrowser.OpenrowserTest" tests="1" failures="0" timestamp="28 Sep 2018 11:42:17 GMT" time="38.527" errors="0">
  <testcase name="openBrowser" time="38.527" classname="com.openbrowser.OpenrowserTest"/>
</testsuite> <!-- com.openbrowser.OpenrowserTest -->
